<?xml version="1.0" encoding="UTF-8"?>
<testsuite xmlns:xsi="http://www.w3.org/2001/XMLSchema-instance" xsi:noNamespaceSchemaLocation="https://maven.apache.org/surefire/maven-surefire-plugin/xsd/surefire-test-report-3.0.xsd" version="3.0" name="TestSuite" time="39.749" tests="2" errors="0" skipped="0" failures="0">
  <properties>
[...]
</properties>
  <testcase name="productSearchTest" classname="ProductSearch" time="7.545">
    <system-out><![CDATA[[ThreadUtil] Starting executor timeOut:2147483647ms workers:2 threadPoolSize:5
]]></system-out>
    <system-err><![CDATA[SSttaarrttiinngg  CChhrroomemDeriDverr iv8e8r. 08.483.02.44.39264 .9(66 8d(6ba8d2dba8a20d8ba104b9a11d439aa1fda3ca5f6afca75466f4a8704326b4c8f04362b-brceff4s6/bbra-nrcehf-sh/eabdrsa/n4c3h2-4he@a{d#s1/74843}24)@ {#on1 p7o8r4t 3}12)3 9
oOnnl y ploocralt  co9n4n39ec
tOnlyi onlsoc aarle  coalnlneoctwioensd a.r
e Palleloawsee ds.e
ePl heattseps :see /ht/tcphsr:o/m/cehdrormiedvreivre.r.cchhrroommiiuum.mor.g/osreg/cseucurriittyy-c-oconsnsidiedreraattioinos nfs orfo rs usgugegsgetisonts iono nksee pionng  CkhreoempeiDrnivge Crh rsoamfeDe.r
iver safe.
CChrhormeDorimveerD was rstiarvteedr s uwccaesss fsultlya.r
ted successfully.
Feb 26, 2021 9:41:03 AM org.openqa.selenium.remote.ProtocolHandshake createSession
INFO: Detected dialect: W3C
Feb 26, 2021 9:41:03 AM org.openqa.selenium.remote.ProtocolHandshake createSession
INFO: Detected dialect: W3C
]]></system-err>
  </testcase>
  <testcase name="loginTest[abc@abc.com, abc](1)" classname="HomePageNavigation" time="9.146">
    <system-out><![CDATA[PASSED: productSearchTest

===============================================
    Search Tests
    Tests run: 1, Failures: 0, Skips: 0
===============================================

]]></system-out>
  </testcase>
</testsuite>